<?xml version="1.0" encoding="UTF-8"?>
<robot generator="Robot 7.0 (Python 3.11.1 on win32)" generated="2024-02-06T13:18:22.361329" rpa="false" schemaversion="5">
<suite id="s1" name="Greet" source="C:\Users\silviaz\OneDrive\Documentos\iqs-logica\greet.robot">
<test id="s1-t1" name="Greet User" line="9">
<kw name="Log To Console" owner="BuiltIn">
<arg>${GREETING}</arg>
<doc>Logs the given message to the console.</doc>
<status status="PASS" start="2024-02-06T13:18:22.394388" elapsed="0.001025"/>
</kw>
<status status="PASS" start="2024-02-06T13:18:22.394388" elapsed="0.001025"/>
</test>
<status status="PASS" start="2024-02-06T13:18:22.362328" elapsed="0.034059"/>
</suite>
<statistics>
<total>
<stat pass="1" fail="0" skip="0">All Tests</stat>
</total>
<tag>
</tag>
<suite>
<stat pass="1" fail="0" skip="0" id="s1" name="Greet">Greet</stat>
</suite>
</statistics>
<errors>
</errors>
</robot>
