<?xml version="1.0" encoding="UTF-8"?>
<robot generator="Robot 7.0 (Python 3.11.1 on win32)" generated="2024-02-07T12:40:39.246022" rpa="false" schemaversion="5">
<suite id="s1" name="Iqs-Logica" source="C:\Users\silviaz\OneDrive\Documentos\iqs-logica">
<suite id="s1-s1" name="Aulaselenium" source="C:\Users\silviaz\OneDrive\Documentos\iqs-logica\aulaselenium.robot">
<test id="s1-s1-t1" name="TC001 - Realizar login com usuário válido" line="11">
<kw name="Open Browser" owner="SeleniumLibrary">
<msg time="2024-02-07T12:40:39.577453" level="INFO">Opening browser 'chrome' to base url 'https://www.saucedemo.com/v1/'.</msg>
<arg>url=${URL}</arg>
<arg>browser=${BROWSER}</arg>
<doc>Opens a new browser instance to the optional ``url``.</doc>
<status status="PASS" start="2024-02-07T12:40:39.576452" elapsed="2.715298"/>
</kw>
<kw name="Maximize Browser Window" owner="SeleniumLibrary">
<doc>Maximizes current browser window.</doc>
<status status="PASS" start="2024-02-07T12:40:42.292760" elapsed="0.219133"/>
</kw>
<kw name="Input Text" owner="SeleniumLibrary">
<msg time="2024-02-07T12:40:42.512903" level="INFO">Typing text 'teste' into text field 'id:user-name'.</msg>
<arg>id:user-name</arg>
<arg>teste</arg>
<doc>Types the given ``text`` into the text field identified by ``locator``.</doc>
<status status="PASS" start="2024-02-07T12:40:42.511893" elapsed="0.179127"/>
</kw>
<kw name="Click Element" owner="SeleniumLibrary">
<msg time="2024-02-07T12:40:42.692435" level="INFO">Clicking element 'id:login-button'.</msg>
<arg>id:login-button</arg>
<doc>Click the element identified by ``locator``.</doc>
<status status="PASS" start="2024-02-07T12:40:42.691020" elapsed="0.079320"/>
</kw>
<status status="PASS" start="2024-02-07T12:40:39.574451" elapsed="3.200158"/>
</test>
<status status="PASS" start="2024-02-07T12:40:39.292674" elapsed="3.484484"/>
</suite>
<status status="PASS" start="2024-02-07T12:40:39.256063" elapsed="3.523613"/>
</suite>
<statistics>
<total>
<stat pass="1" fail="0" skip="0">All Tests</stat>
</total>
<tag>
</tag>
<suite>
<stat pass="1" fail="0" skip="0" id="s1" name="Iqs-Logica">Iqs-Logica</stat>
<stat pass="1" fail="0" skip="0" id="s1-s1" name="Aulaselenium">Iqs-Logica.Aulaselenium</stat>
</suite>
</statistics>
<errors>
</errors>
</robot>
