<?xml version="1.0" encoding="UTF-8"?>
<robot generator="Robot 7.0 (Python 3.11.1 on win32)" generated="2024-02-06T18:30:39.554650" rpa="false" schemaversion="5">
<suite id="s1" name="Iqs-Logica" source="C:\Users\silviaz\OneDrive\Documentos\iqs-logica">
<suite id="s1-s1" name="Exercicio9" source="C:\Users\silviaz\OneDrive\Documentos\iqs-logica\exercicio9.robot">
<test id="s1-s1-t1" name="exercicio9" line="9">
<kw name="Evaluate" owner="BuiltIn">
<msg time="2024-02-06T18:30:39.600662" level="INFO">${consumo_medio} = 2.5</msg>
<var>${consumo_medio}</var>
<arg>${COMBUSTIVEL}/${DISTANCIA}</arg>
<doc>Evaluates the given expression in Python and returns the result.</doc>
<status status="PASS" start="2024-02-06T18:30:39.600662" elapsed="0.001000"/>
</kw>
<kw name="Log To Console" owner="BuiltIn">
<arg>Consumo médio: ${consumo_medio} reais/litro</arg>
<doc>Logs the given message to the console.</doc>
<status status="PASS" start="2024-02-06T18:30:39.602665" elapsed="0.000000"/>
</kw>
<status status="PASS" start="2024-02-06T18:30:39.599663" elapsed="0.004000"/>
</test>
<status status="PASS" start="2024-02-06T18:30:39.593817" elapsed="0.011887"/>
</suite>
<status status="PASS" start="2024-02-06T18:30:39.559259" elapsed="0.049531"/>
</suite>
<statistics>
<total>
<stat pass="1" fail="0" skip="0">All Tests</stat>
</total>
<tag>
</tag>
<suite>
<stat pass="1" fail="0" skip="0" id="s1" name="Iqs-Logica">Iqs-Logica</stat>
<stat pass="1" fail="0" skip="0" id="s1-s1" name="Exercicio9">Iqs-Logica.Exercicio9</stat>
</suite>
</statistics>
<errors>
</errors>
</robot>
