<?xml version="1.0" encoding="UTF-8"?>
<robot generator="Robot 7.0 (Python 3.11.1 on win32)" generated="2024-02-07T15:25:36.874506" rpa="false" schemaversion="5">
<suite id="s1" name="Iqs-Logica" source="C:\Users\silviaz\OneDrive\Documentos\iqs-logica">
<suite id="s1-s1" name="Aulaselenium" source="C:\Users\silviaz\OneDrive\Documentos\iqs-logica\aulaselenium.robot">
<test id="s1-s1-t1" name="TC003 - Realizar logout" line="67">
<kw name="Run Keywords" owner="BuiltIn" type="SETUP">
<kw name="Open Browser" owner="SeleniumLibrary">
<msg time="2024-02-07T15:25:37.109665" level="INFO">Opening browser 'chrome' to base url 'https://www.saucedemo.com/v1/'.</msg>
<arg>url=${URL}</arg>
<arg>browser=${BROWSER}</arg>
<doc>Opens a new browser instance to the optional ``url``.</doc>
<status status="PASS" start="2024-02-07T15:25:37.109665" elapsed="2.310383"/>
</kw>
<kw name="Maximize Browser Window" owner="SeleniumLibrary">
<doc>Maximizes current browser window.</doc>
<status status="PASS" start="2024-02-07T15:25:39.426364" elapsed="0.128401"/>
</kw>
<arg>Open Browser</arg>
<arg>url=${URL}</arg>
<arg>browser=${BROWSER}</arg>
<arg>AND</arg>
<arg>SeleniumLibrary.Maximize Browser Window</arg>
<doc>Executes all the given keywords in a sequence.</doc>
<status status="PASS" start="2024-02-07T15:25:37.108665" elapsed="2.446100"/>
</kw>
<kw name="Realizar login com ${USUARIO_VALIDO} e ${SENHA_VALIDA}" source_name="Realizar login com ${username} e ${password}">
<kw name="Input Text" owner="SeleniumLibrary">
<msg time="2024-02-07T15:25:39.558775" level="INFO">Typing text 'standard_user' into text field 'id:user-name'.</msg>
<arg>${LOGIN_PAGE.UsernameInput}</arg>
<arg>${username}</arg>
<doc>Types the given ``text`` into the text field identified by ``locator``.</doc>
<status status="PASS" start="2024-02-07T15:25:39.557774" elapsed="0.188159"/>
</kw>
<kw name="Input Text" owner="SeleniumLibrary">
<msg time="2024-02-07T15:25:39.746959" level="INFO">Typing text 'secret_sauce' into text field 'xpath://input[@name='password']'.</msg>
<arg>${LOGIN_PAGE.PasswordInput}</arg>
<arg>${password}</arg>
<doc>Types the given ``text`` into the text field identified by ``locator``.</doc>
<status status="PASS" start="2024-02-07T15:25:39.746959" elapsed="0.097318"/>
</kw>
<kw name="Click Element" owner="SeleniumLibrary">
<msg time="2024-02-07T15:25:39.846286" level="INFO">Clicking element 'css:[class=btn_action]'.</msg>
<arg>${LOGIN_PAGE.LoginButton}</arg>
<doc>Click the element identified by ``locator``.</doc>
<status status="PASS" start="2024-02-07T15:25:39.845285" elapsed="0.288543"/>
</kw>
<status status="PASS" start="2024-02-07T15:25:39.556774" elapsed="0.577054"/>
</kw>
<kw name="Realizar logout">
<kw name="Click Element" owner="SeleniumLibrary">
<msg time="2024-02-07T15:25:40.137833" level="INFO">Clicking element '//div[@class='bm-burger-button']//button'.</msg>
<arg>${INVENTORY_PAGE.BurgerMenuButton}</arg>
<doc>Click the element identified by ``locator``.</doc>
<status status="PASS" start="2024-02-07T15:25:40.136833" elapsed="0.068561"/>
</kw>
<kw name="Wait Until Element Is Visible" owner="SeleniumLibrary">
<arg>locator=${INVENTORY_PAGE.LinkLogout}</arg>
<doc>Waits until the element ``locator`` is visible.</doc>
<status status="PASS" start="2024-02-07T15:25:40.206396" elapsed="0.427046"/>
</kw>
<kw name="Click Element" owner="SeleniumLibrary">
<msg time="2024-02-07T15:25:40.634450" level="INFO">Clicking element 'id:logout_sidebar_link'.</msg>
<arg>${INVENTORY_PAGE.LinkLogout}</arg>
<doc>Click the element identified by ``locator``.</doc>
<status status="PASS" start="2024-02-07T15:25:40.633442" elapsed="0.096287"/>
</kw>
<status status="PASS" start="2024-02-07T15:25:40.134833" elapsed="0.594896"/>
</kw>
<kw name="Validar logout">
<kw name="Get Location" owner="SeleniumLibrary">
<msg time="2024-02-07T15:25:40.750855" level="INFO">${url} = https://www.saucedemo.com/v1/index.html</msg>
<var>${url}</var>
<doc>Returns the current browser window URL.</doc>
<status status="PASS" start="2024-02-07T15:25:40.736526" elapsed="0.015841"/>
</kw>
<kw name="Set Variable" owner="BuiltIn">
<msg time="2024-02-07T15:25:40.753377" level="INFO">${home} = https://www.saucedemo.com/v1/index.html</msg>
<var>${home}</var>
<arg>https://www.saucedemo.com/v1/index.html</arg>
<doc>Returns the given values which can then be assigned to a variables.</doc>
<status status="PASS" start="2024-02-07T15:25:40.752367" elapsed="0.001010"/>
</kw>
<kw name="Should Be Equal" owner="BuiltIn">
<arg>${url}</arg>
<arg>${home}</arg>
<doc>Fails if the given objects are unequal.</doc>
<status status="PASS" start="2024-02-07T15:25:40.753377" elapsed="0.001000"/>
</kw>
<status status="PASS" start="2024-02-07T15:25:40.735528" elapsed="0.018849"/>
</kw>
<kw name="Close Browser" owner="SeleniumLibrary" type="TEARDOWN">
<doc>Closes the current browser.</doc>
<status status="PASS" start="2024-02-07T15:25:40.754377" elapsed="2.219821"/>
</kw>
<status status="PASS" start="2024-02-07T15:25:37.107664" elapsed="5.867547"/>
</test>
<status status="PASS" start="2024-02-07T15:25:36.919070" elapsed="6.059141"/>
</suite>
<status status="PASS" start="2024-02-07T15:25:36.879506" elapsed="6.102634"/>
</suite>
<statistics>
<total>
<stat pass="1" fail="0" skip="0">All Tests</stat>
</total>
<tag>
</tag>
<suite>
<stat pass="1" fail="0" skip="0" id="s1" name="Iqs-Logica">Iqs-Logica</stat>
<stat pass="1" fail="0" skip="0" id="s1-s1" name="Aulaselenium">Iqs-Logica.Aulaselenium</stat>
</suite>
</statistics>
<errors>
</errors>
</robot>
