<?xml version="1.0" encoding="UTF-8"?>
<robot generator="Robot 7.0 (Python 3.11.1 on win32)" generated="2024-02-06T18:13:31.875775" rpa="false" schemaversion="5">
<suite id="s1" name="Iqs-Logica" source="C:\Users\silviaz\OneDrive\Documentos\iqs-logica">
<suite id="s1-s1" name="Exercicio5" source="C:\Users\silviaz\OneDrive\Documentos\iqs-logica\exercicio5.robot">
<test id="s1-s1-t1" name="exercicio5" line="17">
<kw name="Evaluate" owner="BuiltIn">
<msg time="2024-02-06T18:13:31.921071" level="INFO">${salario_anual} = 23600</msg>
<var>${salario_anual}</var>
<arg>(${HORAS_NORMAIS}*${VALOR_HORA_NORMAL}+${HORAS_EXTRAS}*${VALOR_HORA_EXTRA})</arg>
<doc>Evaluates the given expression in Python and returns the result.</doc>
<status status="PASS" start="2024-02-06T18:13:31.921071" elapsed="0.001010"/>
</kw>
<kw name="Log To Console" owner="BuiltIn">
<arg>Seu salario anual é de: ${salario_anual}</arg>
<doc>Logs the given message to the console.</doc>
<status status="PASS" start="2024-02-06T18:13:31.923078" elapsed="0.000999"/>
</kw>
<status status="PASS" start="2024-02-06T18:13:31.919560" elapsed="0.005523"/>
</test>
<status status="PASS" start="2024-02-06T18:13:31.912034" elapsed="0.014042"/>
</suite>
<status status="PASS" start="2024-02-06T18:13:31.879494" elapsed="0.051099"/>
</suite>
<statistics>
<total>
<stat pass="1" fail="0" skip="0">All Tests</stat>
</total>
<tag>
</tag>
<suite>
<stat pass="1" fail="0" skip="0" id="s1" name="Iqs-Logica">Iqs-Logica</stat>
<stat pass="1" fail="0" skip="0" id="s1-s1" name="Exercicio5">Iqs-Logica.Exercicio5</stat>
</suite>
</statistics>
<errors>
</errors>
</robot>
