<?xml version="1.0" encoding="UTF-8"?>
<robot generator="Robot 7.0 (Python 3.11.1 on win32)" generated="2024-02-06T17:45:16.762607" rpa="false" schemaversion="5">
<suite id="s1" name="Iqs-Logica" source="C:\Users\silviaz\OneDrive\Documentos\iqs-logica">
<suite id="s1-s1" name="Exercicio2" source="C:\Users\silviaz\OneDrive\Documentos\iqs-logica\exercicio2.robot">
<test id="s1-s1-t1" name="exercicio2" line="8">
<kw name="Evaluate" owner="BuiltIn">
<msg time="2024-02-06T17:45:16.829661" level="INFO">${antecessor} = 3</msg>
<var>${antecessor}</var>
<arg>${NUMERO}-1</arg>
<doc>Evaluates the given expression in Python and returns the result.</doc>
<status status="PASS" start="2024-02-06T17:45:16.828651" elapsed="0.002011"/>
</kw>
<kw name="Evaluate" owner="BuiltIn">
<msg time="2024-02-06T17:45:16.835670" level="INFO">${sucessor} = 5</msg>
<var>${sucessor}</var>
<arg>${NUMERO}+1</arg>
<doc>Evaluates the given expression in Python and returns the result.</doc>
<status status="PASS" start="2024-02-06T17:45:16.834670" elapsed="0.001999"/>
</kw>
<kw name="Log To Console" owner="BuiltIn">
<arg>Antecessor ${antecessor}</arg>
<doc>Logs the given message to the console.</doc>
<status status="PASS" start="2024-02-06T17:45:16.837670" elapsed="0.001000"/>
</kw>
<kw name="Log To Console" owner="BuiltIn">
<arg>Sucessor ${sucessor}</arg>
<doc>Logs the given message to the console.</doc>
<status status="PASS" start="2024-02-06T17:45:16.839174" elapsed="0.000504"/>
</kw>
<status status="PASS" start="2024-02-06T17:45:16.822265" elapsed="0.017413"/>
</test>
<status status="PASS" start="2024-02-06T17:45:16.814239" elapsed="0.032448"/>
</suite>
<status status="PASS" start="2024-02-06T17:45:16.768531" elapsed="0.080662"/>
</suite>
<statistics>
<total>
<stat pass="1" fail="0" skip="0">All Tests</stat>
</total>
<tag>
</tag>
<suite>
<stat pass="1" fail="0" skip="0" id="s1" name="Iqs-Logica">Iqs-Logica</stat>
<stat pass="1" fail="0" skip="0" id="s1-s1" name="Exercicio2">Iqs-Logica.Exercicio2</stat>
</suite>
</statistics>
<errors>
</errors>
</robot>
