<?xml version="1.0" encoding="UTF-8"?>
<robot generator="Robot 7.0 (Python 3.11.1 on win32)" generated="2024-02-07T13:41:19.019603" rpa="false" schemaversion="5">
<suite id="s1" name="Iqs-Logica" source="C:\Users\silviaz\OneDrive\Documentos\iqs-logica">
<suite id="s1-s1" name="Aulaselenium" source="C:\Users\silviaz\OneDrive\Documentos\iqs-logica\aulaselenium.robot">
<test id="s1-s1-t1" name="TC001 - Realizar login com usuário válido" line="18">
<kw name="Open Browser" owner="SeleniumLibrary">
<msg time="2024-02-07T13:41:19.349879" level="INFO">Opening browser 'chrome' to base url 'https://www.saucedemo.com/v1/'.</msg>
<arg>url=${URL}</arg>
<arg>browser=${BROWSER}</arg>
<doc>Opens a new browser instance to the optional ``url``.</doc>
<status status="PASS" start="2024-02-07T13:41:19.349879" elapsed="3.259685"/>
</kw>
<kw name="Maximize Browser Window" owner="SeleniumLibrary">
<doc>Maximizes current browser window.</doc>
<status status="PASS" start="2024-02-07T13:41:22.609564" elapsed="0.151217"/>
</kw>
<kw name="Click Element" owner="SeleniumLibrary">
<msg time="2024-02-07T13:41:22.771321" level="INFO">Clicking element 'id:user-name'.</msg>
<arg>${LOGIN_PAGE.UsernameInput}</arg>
<doc>Click the element identified by ``locator``.</doc>
<status status="PASS" start="2024-02-07T13:41:22.764786" elapsed="0.260184"/>
</kw>
<kw name="Input Text" owner="SeleniumLibrary">
<msg time="2024-02-07T13:41:23.028485" level="INFO">Typing text 'standard_user' into text field 'id:user-name'.</msg>
<arg>${LOGIN_PAGE.UsernameInput}</arg>
<arg>standard_user</arg>
<doc>Types the given ``text`` into the text field identified by ``locator``.</doc>
<status status="PASS" start="2024-02-07T13:41:23.026477" elapsed="0.215975"/>
</kw>
<kw name="Input Text" owner="SeleniumLibrary">
<msg time="2024-02-07T13:41:23.243460" level="INFO">Typing text 'secret_sauce' into text field 'xpath://input[@name='password']'.</msg>
<arg>${LOGIN_PAGE.PasswordInput}</arg>
<arg>secret_sauce</arg>
<doc>Types the given ``text`` into the text field identified by ``locator``.</doc>
<status status="PASS" start="2024-02-07T13:41:23.242452" elapsed="0.192065"/>
</kw>
<kw name="Click Element" owner="SeleniumLibrary">
<msg time="2024-02-07T13:41:23.437024" level="INFO">Clicking element 'css:[class=btn_action]'.</msg>
<arg>${LOGIN_PAGE.LoginButton}</arg>
<doc>Click the element identified by ``locator``.</doc>
<status status="PASS" start="2024-02-07T13:41:23.435516" elapsed="0.557293"/>
</kw>
<status status="PASS" start="2024-02-07T13:41:19.347879" elapsed="4.646289"/>
</test>
<status status="PASS" start="2024-02-07T13:41:19.075028" elapsed="4.924121"/>
</suite>
<status status="PASS" start="2024-02-07T13:41:19.027111" elapsed="4.975049"/>
</suite>
<statistics>
<total>
<stat pass="1" fail="0" skip="0">All Tests</stat>
</total>
<tag>
</tag>
<suite>
<stat pass="1" fail="0" skip="0" id="s1" name="Iqs-Logica">Iqs-Logica</stat>
<stat pass="1" fail="0" skip="0" id="s1-s1" name="Aulaselenium">Iqs-Logica.Aulaselenium</stat>
</suite>
</statistics>
<errors>
</errors>
</robot>
