<?xml version="1.0" encoding="UTF-8"?>
<robot generator="Robot 7.0 (Python 3.11.1 on win32)" generated="2024-02-06T18:20:36.403838" rpa="false" schemaversion="5">
<suite id="s1" name="Iqs-Logica" source="C:\Users\silviaz\OneDrive\Documentos\iqs-logica">
<suite id="s1-s1" name="Exercicio7" source="C:\Users\silviaz\OneDrive\Documentos\iqs-logica\exercicio7.robot">
<test id="s1-s1-t1" name="exercicio7" line="10">
<kw name="Evaluate" owner="BuiltIn">
<msg time="2024-02-06T18:20:36.450448" level="INFO">${quociente} = 6.666666666666667</msg>
<var>${quociente}</var>
<arg>${DIVIDENDO}/${DIVISOR}</arg>
<doc>Evaluates the given expression in Python and returns the result.</doc>
<status status="PASS" start="2024-02-06T18:20:36.450448" elapsed="0.000999"/>
</kw>
<kw name="Evaluate" owner="BuiltIn">
<msg time="2024-02-06T18:20:36.453450" level="INFO">${resto} = 2</msg>
<var>${resto}</var>
<arg>${DIVIDENDO}%${DIVISOR}</arg>
<doc>Evaluates the given expression in Python and returns the result.</doc>
<status status="PASS" start="2024-02-06T18:20:36.452453" elapsed="0.001993"/>
</kw>
<kw name="Log To Console" owner="BuiltIn">
<arg>"${DIVIDENDO}" "${DIVISOR}" "${quociente}" "${resto}"</arg>
<doc>Logs the given message to the console.</doc>
<status status="PASS" start="2024-02-06T18:20:36.454446" elapsed="0.001000"/>
</kw>
<status status="PASS" start="2024-02-06T18:20:36.448447" elapsed="0.008000"/>
</test>
<status status="PASS" start="2024-02-06T18:20:36.444621" elapsed="0.015388"/>
</suite>
<status status="PASS" start="2024-02-06T18:20:36.408445" elapsed="0.054564"/>
</suite>
<statistics>
<total>
<stat pass="1" fail="0" skip="0">All Tests</stat>
</total>
<tag>
</tag>
<suite>
<stat pass="1" fail="0" skip="0" id="s1" name="Iqs-Logica">Iqs-Logica</stat>
<stat pass="1" fail="0" skip="0" id="s1-s1" name="Exercicio7">Iqs-Logica.Exercicio7</stat>
</suite>
</statistics>
<errors>
</errors>
</robot>
