<?xml version="1.0" encoding="UTF-8"?>
<robot generator="Robot 7.0 (Python 3.11.1 on win32)" generated="2024-02-06T18:02:41.209293" rpa="false" schemaversion="5">
<suite id="s1" name="Iqs-Logica" source="C:\Users\silviaz\OneDrive\Documentos\iqs-logica">
<suite id="s1-s1" name="Exercicio3" source="C:\Users\silviaz\OneDrive\Documentos\iqs-logica\exercicio3.robot">
<test id="s1-s1-t1" name="exercicio3" line="11">
<kw name="Log To Console" owner="BuiltIn">
<arg>Média das notas da ${NOME} em ${DISCIPLINA}:</arg>
<doc>Logs the given message to the console.</doc>
<status status="PASS" start="2024-02-06T18:02:41.256464" elapsed="0.001510"/>
</kw>
<kw name="Evaluate" owner="BuiltIn">
<msg time="2024-02-06T18:02:41.258982" level="INFO">${media} = 8.5</msg>
<var>${media}</var>
<arg>(${NOTAS}[0]+${NOTAS}[1]+${NOTAS}[2]+${NOTAS}[3])/4</arg>
<doc>Evaluates the given expression in Python and returns the result.</doc>
<status status="PASS" start="2024-02-06T18:02:41.258982" elapsed="0.001002"/>
</kw>
<kw name="Log To Console" owner="BuiltIn">
<arg>${media}</arg>
<doc>Logs the given message to the console.</doc>
<status status="PASS" start="2024-02-06T18:02:41.261986" elapsed="0.001256"/>
</kw>
<status status="PASS" start="2024-02-06T18:02:41.255464" elapsed="0.007778"/>
</test>
<status status="PASS" start="2024-02-06T18:02:41.250596" elapsed="0.015658"/>
</suite>
<status status="PASS" start="2024-02-06T18:02:41.213301" elapsed="0.056464"/>
</suite>
<statistics>
<total>
<stat pass="1" fail="0" skip="0">All Tests</stat>
</total>
<tag>
</tag>
<suite>
<stat pass="1" fail="0" skip="0" id="s1" name="Iqs-Logica">Iqs-Logica</stat>
<stat pass="1" fail="0" skip="0" id="s1-s1" name="Exercicio3">Iqs-Logica.Exercicio3</stat>
</suite>
</statistics>
<errors>
</errors>
</robot>
