<?xml version="1.0" encoding="UTF-8"?>
<robot generator="Robot 7.0 (Python 3.11.1 on win32)" generated="2024-02-06T19:40:17.623958" rpa="false" schemaversion="5">
<suite id="s1" name="Iqs-Logica" source="C:\Users\silviaz\OneDrive\Documentos\iqs-logica">
<suite id="s1-s1" name="Exercicio11" source="C:\Users\silviaz\OneDrive\Documentos\iqs-logica\exercicio11.robot">
<test id="s1-s1-t1" name="exercicio11" line="8">
<if>
<branch type="IF" condition="${NUMERO}==0">
<kw name="Log To Console" owner="BuiltIn">
<arg>Zero</arg>
<doc>Logs the given message to the console.</doc>
<status status="NOT RUN" start="2024-02-06T19:40:17.678491" elapsed="0.001008"/>
</kw>
<status status="NOT RUN" start="2024-02-06T19:40:17.678491" elapsed="0.001008"/>
</branch>
<branch type="ELSE IF" condition="${NUMERO}&lt;0">
<kw name="Log To Console" owner="BuiltIn">
<arg>Negativo</arg>
<doc>Logs the given message to the console.</doc>
<status status="PASS" start="2024-02-06T19:40:17.679499" elapsed="0.001000"/>
</kw>
<status status="PASS" start="2024-02-06T19:40:17.679499" elapsed="0.001000"/>
</branch>
<branch type="ELSE">
<kw name="Log To Console" owner="BuiltIn">
<arg>Positivo</arg>
<doc>Logs the given message to the console.</doc>
<status status="NOT RUN" start="2024-02-06T19:40:17.680499" elapsed="0.000000"/>
</kw>
<status status="NOT RUN" start="2024-02-06T19:40:17.680499" elapsed="0.000000"/>
</branch>
<status status="PASS" start="2024-02-06T19:40:17.678491" elapsed="0.002008"/>
</if>
<status status="PASS" start="2024-02-06T19:40:17.677206" elapsed="0.003293"/>
</test>
<status status="PASS" start="2024-02-06T19:40:17.672351" elapsed="0.014912"/>
</suite>
<status status="PASS" start="2024-02-06T19:40:17.631248" elapsed="0.058024"/>
</suite>
<statistics>
<total>
<stat pass="1" fail="0" skip="0">All Tests</stat>
</total>
<tag>
</tag>
<suite>
<stat pass="1" fail="0" skip="0" id="s1" name="Iqs-Logica">Iqs-Logica</stat>
<stat pass="1" fail="0" skip="0" id="s1-s1" name="Exercicio11">Iqs-Logica.Exercicio11</stat>
</suite>
</statistics>
<errors>
</errors>
</robot>
