<?xml version="1.0" encoding="UTF-8"?>
<robot generator="Robot 7.0 (Python 3.11.1 on win32)" generated="2024-02-06T18:07:31.001078" rpa="false" schemaversion="5">
<suite id="s1" name="Iqs-Logica" source="C:\Users\silviaz\OneDrive\Documentos\iqs-logica">
<suite id="s1-s1" name="Exercicio4" source="C:\Users\silviaz\OneDrive\Documentos\iqs-logica\exercicio4.robot">
<test id="s1-s1-t1" name="exercicio4" line="11">
<kw name="Evaluate" owner="BuiltIn">
<msg time="2024-02-06T18:07:31.051358" level="INFO">${resultado} = 67</msg>
<var>${resultado}</var>
<arg>${ANO_FUTURO} - ${ANO_NASCIMENTO}</arg>
<doc>Evaluates the given expression in Python and returns the result.</doc>
<status status="PASS" start="2024-02-06T18:07:31.051358" elapsed="0.001240"/>
</kw>
<kw name="Log To Console" owner="BuiltIn">
<arg>Em ${ANO_FUTURO} terei ${resultado} anos de idade!</arg>
<doc>Logs the given message to the console.</doc>
<status status="PASS" start="2024-02-06T18:07:31.061132" elapsed="0.001999"/>
</kw>
<status status="PASS" start="2024-02-06T18:07:31.049351" elapsed="0.014780"/>
</test>
<status status="PASS" start="2024-02-06T18:07:31.044748" elapsed="0.021384"/>
</suite>
<status status="PASS" start="2024-02-06T18:07:31.006086" elapsed="0.066667"/>
</suite>
<statistics>
<total>
<stat pass="1" fail="0" skip="0">All Tests</stat>
</total>
<tag>
</tag>
<suite>
<stat pass="1" fail="0" skip="0" id="s1" name="Iqs-Logica">Iqs-Logica</stat>
<stat pass="1" fail="0" skip="0" id="s1-s1" name="Exercicio4">Iqs-Logica.Exercicio4</stat>
</suite>
</statistics>
<errors>
</errors>
</robot>
