<?xml version="1.0" encoding="UTF-8"?>
<robot generator="Robot 7.0 (Python 3.11.1 on win32)" generated="2024-02-06T17:26:09.303869" rpa="false" schemaversion="5">
<suite id="s1" name="Iqs-Logica" source="C:\Users\silviaz\OneDrive\Documentos\iqs-logica">
<suite id="s1-s1" name="Exercicio20" source="C:\Users\silviaz\OneDrive\Documentos\iqs-logica\exercicio20.robot">
<test id="s1-s1-t1" name="exercicio 20" line="9">
<kw name="Evaluate" owner="BuiltIn">
<msg time="2024-02-06T17:26:09.346208" level="INFO">${imc} = 44.0771349862259</msg>
<var>${imc}</var>
<arg>${PESO} / (${ALTURA} * ${ALTURA})</arg>
<doc>Evaluates the given expression in Python and returns the result.</doc>
<status status="PASS" start="2024-02-06T17:26:09.345209" elapsed="0.002001"/>
</kw>
<kw name="Log To Console" owner="BuiltIn">
<arg>${imc}</arg>
<doc>Logs the given message to the console.</doc>
<status status="PASS" start="2024-02-06T17:26:09.348207" elapsed="0.000000"/>
</kw>
<if>
<branch type="IF" condition="${imc}&lt;18.5">
<kw name="Log To Console" owner="BuiltIn">
<arg>Abaixo do peso normal</arg>
<doc>Logs the given message to the console.</doc>
<status status="NOT RUN" start="2024-02-06T17:26:09.349713" elapsed="0.000000"/>
</kw>
<status status="NOT RUN" start="2024-02-06T17:26:09.349713" elapsed="0.000000"/>
</branch>
<branch type="ELSE IF" condition="${imc}&gt;=18.5 and ${imc}&lt;=24.9">
<kw name="Log To Console" owner="BuiltIn">
<arg>Peso normal</arg>
<doc>Logs the given message to the console.</doc>
<status status="NOT RUN" start="2024-02-06T17:26:09.350724" elapsed="0.000000"/>
</kw>
<status status="NOT RUN" start="2024-02-06T17:26:09.350724" elapsed="0.000000"/>
</branch>
<branch type="ELSE IF" condition="${imc}&gt;=25 and ${imc}&lt;=29.9">
<kw name="Log To Console" owner="BuiltIn">
<arg>Excesso de Peso</arg>
<doc>Logs the given message to the console.</doc>
<status status="NOT RUN" start="2024-02-06T17:26:09.350724" elapsed="0.000000"/>
</kw>
<status status="NOT RUN" start="2024-02-06T17:26:09.350724" elapsed="0.000000"/>
</branch>
<branch type="ELSE IF" condition="${imc}&gt;=30 and ${imc}&lt;=34.9">
<kw name="Log To Console" owner="BuiltIn">
<arg>Obesidade classe I</arg>
<doc>Logs the given message to the console.</doc>
<status status="NOT RUN" start="2024-02-06T17:26:09.351721" elapsed="0.000000"/>
</kw>
<status status="NOT RUN" start="2024-02-06T17:26:09.350724" elapsed="0.000997"/>
</branch>
<branch type="ELSE IF" condition="${imc}&gt;=35 and ${imc}&lt;=39.9">
<kw name="Log To Console" owner="BuiltIn">
<arg>Obesidade classe II</arg>
<doc>Logs the given message to the console.</doc>
<status status="NOT RUN" start="2024-02-06T17:26:09.351721" elapsed="0.000000"/>
</kw>
<status status="NOT RUN" start="2024-02-06T17:26:09.351721" elapsed="0.000000"/>
</branch>
<branch type="ELSE IF" condition="${imc}&gt;=40">
<kw name="Log To Console" owner="BuiltIn">
<arg>Obesidade classe III</arg>
<doc>Logs the given message to the console.</doc>
<status status="PASS" start="2024-02-06T17:26:09.351721" elapsed="0.001111"/>
</kw>
<status status="PASS" start="2024-02-06T17:26:09.351721" elapsed="0.001111"/>
</branch>
<status status="PASS" start="2024-02-06T17:26:09.349713" elapsed="0.003119"/>
</if>
<status status="PASS" start="2024-02-06T17:26:09.343210" elapsed="0.009622"/>
</test>
<status status="PASS" start="2024-02-06T17:26:09.337689" elapsed="0.016152"/>
</suite>
<status status="PASS" start="2024-02-06T17:26:09.308647" elapsed="0.054234"/>
</suite>
<statistics>
<total>
<stat pass="1" fail="0" skip="0">All Tests</stat>
</total>
<tag>
</tag>
<suite>
<stat pass="1" fail="0" skip="0" id="s1" name="Iqs-Logica">Iqs-Logica</stat>
<stat pass="1" fail="0" skip="0" id="s1-s1" name="Exercicio20">Iqs-Logica.Exercicio20</stat>
</suite>
</statistics>
<errors>
</errors>
</robot>
