<?xml version="1.0" encoding="UTF-8"?>
<robot generator="Robot 7.0 (Python 3.11.1 on win32)" generated="2024-02-07T13:55:39.936483" rpa="false" schemaversion="5">
<suite id="s1" name="Iqs-Logica" source="C:\Users\silviaz\OneDrive\Documentos\iqs-logica">
<suite id="s1-s1" name="Aulaselenium" source="C:\Users\silviaz\OneDrive\Documentos\iqs-logica\aulaselenium.robot">
<test id="s1-s1-t1" name="TC001 - Realizar login com usuário válido" line="22">
<kw name="Open Browser" owner="SeleniumLibrary">
<msg time="2024-02-07T13:55:40.347923" level="INFO">Opening browser 'chrome' to base url 'https://www.saucedemo.com/v1/'.</msg>
<arg>url=${URL}</arg>
<arg>browser=${BROWSER}</arg>
<doc>Opens a new browser instance to the optional ``url``.</doc>
<status status="PASS" start="2024-02-07T13:55:40.345913" elapsed="2.929995"/>
</kw>
<kw name="Maximize Browser Window" owner="SeleniumLibrary">
<doc>Maximizes current browser window.</doc>
<status status="PASS" start="2024-02-07T13:55:43.277123" elapsed="0.135002"/>
</kw>
<kw name="Realizar login">
<kw name="Input Text" owner="SeleniumLibrary">
<msg time="2024-02-07T13:55:43.414143" level="INFO">Typing text 'standard_user' into text field 'id:user-name'.</msg>
<arg>${LOGIN_PAGE.UsernameInput}</arg>
<arg>standard_user</arg>
<doc>Types the given ``text`` into the text field identified by ``locator``.</doc>
<status status="PASS" start="2024-02-07T13:55:43.413142" elapsed="0.230803"/>
</kw>
<kw name="Input Text" owner="SeleniumLibrary">
<msg time="2024-02-07T13:55:43.646454" level="INFO">Typing text 'secret_sauce' into text field 'xpath://input[@name='password']'.</msg>
<arg>${LOGIN_PAGE.PasswordInput}</arg>
<arg>secret_sauce</arg>
<doc>Types the given ``text`` into the text field identified by ``locator``.</doc>
<status status="PASS" start="2024-02-07T13:55:43.644947" elapsed="0.129016"/>
</kw>
<kw name="Click Element" owner="SeleniumLibrary">
<msg time="2024-02-07T13:55:43.776465" level="INFO">Clicking element 'css:[class=btn_action]'.</msg>
<arg>${LOGIN_PAGE.LoginButton}</arg>
<doc>Click the element identified by ``locator``.</doc>
<status status="PASS" start="2024-02-07T13:55:43.773963" elapsed="0.708132"/>
</kw>
<status status="PASS" start="2024-02-07T13:55:43.412125" elapsed="1.069970"/>
</kw>
<status status="PASS" start="2024-02-07T13:55:40.343402" elapsed="4.150211"/>
</test>
<status status="PASS" start="2024-02-07T13:55:39.993684" elapsed="4.509449"/>
</suite>
<status status="PASS" start="2024-02-07T13:55:39.942999" elapsed="4.586745"/>
</suite>
<statistics>
<total>
<stat pass="1" fail="0" skip="0">All Tests</stat>
</total>
<tag>
</tag>
<suite>
<stat pass="1" fail="0" skip="0" id="s1" name="Iqs-Logica">Iqs-Logica</stat>
<stat pass="1" fail="0" skip="0" id="s1-s1" name="Aulaselenium">Iqs-Logica.Aulaselenium</stat>
</suite>
</statistics>
<errors>
</errors>
</robot>
